<?xml version="1.0" encoding="UTF-8"?>
<testsuites name="Mocha Tests" time="0.47600000000000003" tests="51" failures="0">
  <testsuite name="Root Suite" timestamp="2021-08-11T12:24:59" tests="0" failures="0" time="0">
  </testsuite>
  <testsuite name="ECDSA Key" timestamp="2021-08-11T12:24:59" tests="7" file="/home/vsts/work/1/s/libraries/fabric-shim-crypto/test/ecdsa-key.js" failures="0" time="0.001">
    <testcase name="ECDSA Key should throw an error when missing key parameter" time="0.001" classname="should throw an error when missing key parameter">
    </testcase>
    <testcase name="ECDSA Key should throw an error when key does not have type property" time="0" classname="should throw an error when key does not have type property">
    </testcase>
    <testcase name="ECDSA Key should throw an error when key does not have type property value of EC" time="0" classname="should throw an error when key does not have type property value of EC">
    </testcase>
    <testcase name="ECDSA Key should throw an error when prvKeyHex missing" time="0" classname="should throw an error when prvKeyHex missing">
    </testcase>
    <testcase name="ECDSA Key should throw an error when pubKeyHex missing" time="0" classname="should throw an error when pubKeyHex missing">
    </testcase>
    <testcase name="ECDSA Key should throw an error when pubKeyHex null" time="0" classname="should throw an error when pubKeyHex null">
    </testcase>
    <testcase name="ECDSA Key should set the value of _key when valid key passed" time="0" classname="should set the value of _key when valid key passed">
    </testcase>
  </testsuite>
  <testsuite name="isPrivate" timestamp="2021-08-11T12:24:59" tests="2" file="/home/vsts/work/1/s/libraries/fabric-shim-crypto/test/ecdsa-key.js" failures="0" time="0">
    <testcase name="ECDSA Key isPrivate should return true when _key has prvKeyHex" time="0" classname="should return true when _key has prvKeyHex">
    </testcase>
    <testcase name="ECDSA Key isPrivate should return false when _key prvKeyHex is null" time="0" classname="should return false when _key prvKeyHex is null">
    </testcase>
  </testsuite>
  <testsuite name="getPublicKey" timestamp="2021-08-11T12:24:59" tests="2" file="/home/vsts/work/1/s/libraries/fabric-shim-crypto/test/ecdsa-key.js" failures="0" time="0.298">
    <testcase name="ECDSA Key getPublicKey should return the instance for public key" time="0.196" classname="should return the instance for public key">
    </testcase>
    <testcase name="ECDSA Key getPublicKey should return a public key from ECDSA if using private key" time="0.102" classname="should return a public key from ECDSA if using private key">
    </testcase>
  </testsuite>
  <testsuite name="toBytes" timestamp="2021-08-11T12:24:59" tests="2" file="/home/vsts/work/1/s/libraries/fabric-shim-crypto/test/ecdsa-key.js" failures="0" time="0.138">
    <testcase name="ECDSA Key toBytes should return private key" time="0.061" classname="should return private key">
    </testcase>
    <testcase name="ECDSA Key toBytes should return public key" time="0.077" classname="should return public key">
    </testcase>
  </testsuite>
  <testsuite name="enc-sign" timestamp="2021-08-11T12:24:59" tests="0" file="/home/vsts/work/1/s/libraries/fabric-shim-crypto/test/shim-crypto.js" failures="0" time="0">
  </testsuite>
  <testsuite name="ChaincodeCryptoLibrary" timestamp="2021-08-11T12:24:59" tests="4" file="/home/vsts/work/1/s/libraries/fabric-shim-crypto/test/shim-crypto.js" failures="0" time="0.006">
    <testcase name="enc-sign ChaincodeCryptoLibrary should set no variables" time="0" classname="should set no variables">
    </testcase>
    <testcase name="enc-sign ChaincodeCryptoLibrary should set key values when init vector in map" time="0.002" classname="should set key values when init vector in map">
    </testcase>
    <testcase name="enc-sign ChaincodeCryptoLibrary should set key values when init vector not in map" time="0.001" classname="should set key values when init vector not in map">
    </testcase>
    <testcase name="enc-sign ChaincodeCryptoLibrary should set sign key values" time="0.003" classname="should set sign key values">
    </testcase>
  </testsuite>
  <testsuite name="encrypt" timestamp="2021-08-11T12:24:59" tests="2" file="/home/vsts/work/1/s/libraries/fabric-shim-crypto/test/shim-crypto.js" failures="0" time="0.002">
    <testcase name="enc-sign ChaincodeCryptoLibrary encrypt should throw an error if cipher not set" time="0" classname="should throw an error if cipher not set">
    </testcase>
    <testcase name="enc-sign ChaincodeCryptoLibrary encrypt should return a buffer of encrypted plaintext" time="0.002" classname="should return a buffer of encrypted plaintext">
    </testcase>
  </testsuite>
  <testsuite name="decrypt" timestamp="2021-08-11T12:24:59" tests="3" file="/home/vsts/work/1/s/libraries/fabric-shim-crypto/test/shim-crypto.js" failures="0" time="0.002">
    <testcase name="enc-sign ChaincodeCryptoLibrary decrypt should throw an error if cipher not set" time="0" classname="should throw an error if cipher not set">
    </testcase>
    <testcase name="enc-sign ChaincodeCryptoLibrary decrypt should return a buffer of decrypted ciphertext" time="0.001" classname="should return a buffer of decrypted ciphertext">
    </testcase>
    <testcase name="enc-sign ChaincodeCryptoLibrary decrypt should be able to decrypt an encrypted value" time="0.001" classname="should be able to decrypt an encrypted value">
    </testcase>
  </testsuite>
  <testsuite name="sign" timestamp="2021-08-11T12:24:59" tests="5" file="/home/vsts/work/1/s/libraries/fabric-shim-crypto/test/shim-crypto.js" failures="0" time="0.001">
    <testcase name="enc-sign ChaincodeCryptoLibrary sign should throw an error when signKey not set" time="0" classname="should throw an error when signKey not set">
    </testcase>
    <testcase name="enc-sign ChaincodeCryptoLibrary sign should throw an error if signKey is null" time="0" classname="should throw an error if signKey is null">
    </testcase>
    <testcase name="enc-sign ChaincodeCryptoLibrary sign should throw an error if the message is not passed" time="0" classname="should throw an error if the message is not passed">
    </testcase>
    <testcase name="enc-sign ChaincodeCryptoLibrary sign should throw an error if the message is null" time="0" classname="should throw an error if the message is null">
    </testcase>
    <testcase name="enc-sign ChaincodeCryptoLibrary sign should sign the message" time="0.001" classname="should sign the message">
    </testcase>
  </testsuite>
  <testsuite name="verify" timestamp="2021-08-11T12:25:00" tests="9" file="/home/vsts/work/1/s/libraries/fabric-shim-crypto/test/shim-crypto.js" failures="0" time="0.006">
    <testcase name="enc-sign ChaincodeCryptoLibrary verify should throw an error when signKey not set" time="0.001" classname="should throw an error when signKey not set">
    </testcase>
    <testcase name="enc-sign ChaincodeCryptoLibrary verify should throw an error if signKey is null" time="0.001" classname="should throw an error if signKey is null">
    </testcase>
    <testcase name="enc-sign ChaincodeCryptoLibrary verify should throw an error if the signature is not passed" time="0" classname="should throw an error if the signature is not passed">
    </testcase>
    <testcase name="enc-sign ChaincodeCryptoLibrary verify should throw an error if the signature is null" time="0" classname="should throw an error if the signature is null">
    </testcase>
    <testcase name="enc-sign ChaincodeCryptoLibrary verify should throw an error if the message is not passed" time="0" classname="should throw an error if the message is not passed">
    </testcase>
    <testcase name="enc-sign ChaincodeCryptoLibrary verify should throw an error if the message is null" time="0.001" classname="should throw an error if the message is null">
    </testcase>
    <testcase name="enc-sign ChaincodeCryptoLibrary verify should return an error if not malleable" time="0.001" classname="should return an error if not malleable">
    </testcase>
    <testcase name="enc-sign ChaincodeCryptoLibrary verify should return ok true for verfied signed message" time="0.001" classname="should return ok true for verfied signed message">
    </testcase>
    <testcase name="enc-sign ChaincodeCryptoLibrary verify should return ok false and an error unverified signed message" time="0.001" classname="should return ok false and an error unverified signed message">
    </testcase>
  </testsuite>
  <testsuite name="hash" timestamp="2021-08-11T12:25:00" tests="1" file="/home/vsts/work/1/s/libraries/fabric-shim-crypto/test/shim-crypto.js" failures="0" time="0.003">
    <testcase name="enc-sign hash should hash a message" time="0.003" classname="should hash a message">
    </testcase>
  </testsuite>
  <testsuite name="importKey" timestamp="2021-08-11T12:25:00" tests="4" file="/home/vsts/work/1/s/libraries/fabric-shim-crypto/test/shim-crypto.js" failures="0" time="0.004">
    <testcase name="enc-sign importKey should throw an error if unable to parse PEM string" time="0.001" classname="should throw an error if unable to parse PEM string">
    </testcase>
    <testcase name="enc-sign importKey should throw an error if key does not have type" time="0.001" classname="should throw an error if key does not have type">
    </testcase>
    <testcase name="enc-sign importKey should throw an error if key type not EC" time="0.001" classname="should throw an error if key type not EC">
    </testcase>
    <testcase name="enc-sign importKey should return a new ECDSAKey" time="0.001" classname="should return a new ECDSAKey">
    </testcase>
  </testsuite>
  <testsuite name="makeRealPem" timestamp="2021-08-11T12:25:00" tests="2" file="/home/vsts/work/1/s/libraries/fabric-shim-crypto/test/shim-crypto.js" failures="0" time="0">
    <testcase name="enc-sign makeRealPem should return null if pem not string" time="0" classname="should return null if pem not string">
    </testcase>
    <testcase name="enc-sign makeRealPem should make a real PEM" time="0" classname="should make a real PEM">
    </testcase>
  </testsuite>
  <testsuite name="_preventMalleability" timestamp="2021-08-11T12:25:00" tests="3" file="/home/vsts/work/1/s/libraries/fabric-shim-crypto/test/shim-crypto.js" failures="0" time="0.011">
    <testcase name="enc-sign _preventMalleability should throw an error if cannot find half order" time="0" classname="should throw an error if cannot find half order">
    </testcase>
    <testcase name="enc-sign _preventMalleability should return sig for a low s" time="0.001" classname="should return sig for a low s">
    </testcase>
    <testcase name="enc-sign _preventMalleability should handle s larger than half" time="0.01" classname="should handle s larger than half">
    </testcase>
  </testsuite>
  <testsuite name="_checkMalleability" timestamp="2021-08-11T12:25:00" tests="5" file="/home/vsts/work/1/s/libraries/fabric-shim-crypto/test/shim-crypto.js" failures="0" time="0.004">
    <testcase name="enc-sign _checkMalleability should throw an error if cannot find half order" time="0" classname="should throw an error if cannot find half order">
    </testcase>
    <testcase name="enc-sign _checkMalleability should throw an error if signature object fails to load correctly (no r)" time="0.001" classname="should throw an error if signature object fails to load correctly (no r)">
    </testcase>
    <testcase name="enc-sign _checkMalleability should throw an error if signature object fails to load correctly (no s)" time="0.001" classname="should throw an error if signature object fails to load correctly (no s)">
    </testcase>
    <testcase name="enc-sign _checkMalleability should return false when s is larger than half the order" time="0.001" classname="should return false when s is larger than half the order">
    </testcase>
    <testcase name="enc-sign _checkMalleability should return false when s is lower than half the order" time="0.001" classname="should return false when s is lower than half the order">
    </testcase>
  </testsuite>
</testsuites>